app/build/outputs/logs/manifest-merger-debug-report.txt
-- Merging decision tree log ---
manifest
ADDED from src/main/AndroidManifest.xml:2:1-43:12
INJECTED from src/main/AndroidManifest.xml:2:1-43:12
INJECTED from src/main/AndroidManifest.xml:2:1-43:12
INJECTED from src/main/AndroidManifest.xml:2:1-43:12
MERGED from [com.android.support:appcompat-v7:27.1.0] AndroidManifest.xml:17:1-22:12
MERGED from [com.android.support:gridlayout-v7:27.1.0] AndroidManifest.xml:17:1-22:12
MERGED from [com.android.support:support-v4:27.1.0] AndroidManifest.xml:17:1-22:12
MERGED from [com.android.support:support-fragment:27.1.0] AndroidManifest.xml:17:1-22:12
MERGED from [com.android.support:animated-vector-drawable:27.1.0] AndroidManifest.xml:17:1-22:12
MERGED from [com.android.support:support-core-ui:27.1.0] AndroidManifest.xml:17:1-22:12
MERGED from [com.android.support:support-core-utils:27.1.0] AndroidManifest.xml:17:1-22:12
MERGED from [com.android.support:support-vector-drawable:27.1.0] AndroidManifest.xml:17:1-22:12
MERGED from [com.android.support:support-media-compat:27.1.0] AndroidManifest.xml:17:1-22:12
MERGED from [com.android.support:support-compat:27.1.0] AndroidManifest.xml:17:1-22:12
MERGED from [android.arch.lifecycle:livedata-core:1.1.0] AndroidManifest.xml:17:1-22:12
MERGED from [android.arch.lifecycle:viewmodel:1.1.0] AndroidManifest.xml:17:1-22:12
MERGED from [android.arch.lifecycle:runtime:1.1.0] AndroidManifest.xml:17:1-22:12
MERGED from [android.arch.core:runtime:1.1.0] AndroidManifest.xml:17:1-22:12
INJECTED from src/main/AndroidManifest.xml:2:1-43:12
INJECTED from src/main/AndroidManifest.xml:2:1-43:12
INJECTED from src/main/AndroidManifest.xml:2:1-43:12
	package
		ADDED from src/main/AndroidManifest.xml:3:5-29
		INJECTED from src/main/AndroidManifest.xml
		INJECTED from src/main/AndroidManifest.xml
	android:versionName
		ADDED from src/main/AndroidManifest.xml:5:5-30
		INJECTED from src/main/AndroidManifest.xml
		INJECTED from src/main/AndroidManifest.xml
	xmlns:android
		ADDED from src/main/AndroidManifest.xml:2:11-69
	android:versionCode
		ADDED from src/main/AndroidManifest.xml:4:5-28
		INJECTED from src/main/AndroidManifest.xml
		INJECTED from src/main/AndroidManifest.xml
uses-permission#android.permission.ACCESS_NETWORK_STATE
ADDED from src/main/AndroidManifest.xml:7:5-79
	android:name
		ADDED from src/main/AndroidManifest.xml:7:22-76
uses-permission#android.permission.INTERNET
ADDED from src/main/AndroidManifest.xml:8:5-67
	android:name
		ADDED from src/main/AndroidManifest.xml:8:22-64
uses-permission#android.permission.READ_EXTERNAL_STORAGE
ADDED from src/main/AndroidManifest.xml:9:5-80
	android:name
		ADDED from src/main/AndroidManifest.xml:9:22-77
uses-permission#android.permission.WRITE_EXTERNAL_STORAGE
ADDED from src/main/AndroidManifest.xml:10:5-81
	android:name
		ADDED from src/main/AndroidManifest.xml:10:22-78
uses-permission#android.permission.SYSTEM_ALERT_WINDOW
ADDED from src/main/AndroidManifest.xml:11:5-78
	android:name
		ADDED from src/main/AndroidManifest.xml:11:22-75
uses-permission#android.permission.VIBRATE
ADDED from src/main/AndroidManifest.xml:12:5-66
	android:name
		ADDED from src/main/AndroidManifest.xml:12:22-63
application
ADDED from src/main/AndroidManifest.xml:13:5-41:19
	android:label
		ADDED from src/main/AndroidManifest.xml:16:9-41
	android:icon
		ADDED from src/main/AndroidManifest.xml:15:9-45
	android:allowBackup
		ADDED from src/main/AndroidManifest.xml:14:9-35
activity#com.skymonitor.MainActivity
ADDED from src/main/AndroidManifest.xml:17:9-28:20
	android:screenOrientation
		ADDED from src/main/AndroidManifest.xml:22:13-49
	android:label
		ADDED from src/main/AndroidManifest.xml:19:13-45
	android:windowSoftInputMode
		ADDED from src/main/AndroidManifest.xml:20:13-78
	android:configChanges
		ADDED from src/main/AndroidManifest.xml:21:13-48
	android:name
		ADDED from src/main/AndroidManifest.xml:18:13-41
intent-filter#action:name:android.intent.action.MAIN+category:name:android.intent.category.LAUNCHER
ADDED from src/main/AndroidManifest.xml:23:13-27:29
action#android.intent.action.MAIN
ADDED from src/main/AndroidManifest.xml:24:17-69
	android:name
		ADDED from src/main/AndroidManifest.xml:24:25-66
category#android.intent.category.LAUNCHER
ADDED from src/main/AndroidManifest.xml:26:17-77
	android:name
		ADDED from src/main/AndroidManifest.xml:26:27-74
service#com.skymonitor.MonitorService
ADDED from src/main/AndroidManifest.xml:30:8-33:19
	android:exported
		ADDED from src/main/AndroidManifest.xml:32:13-37
	android:name
		ADDED from src/main/AndroidManifest.xml:31:13-57
activity#com.skymonitor.SkyAlertPopup
ADDED from src/main/AndroidManifest.xml:35:8-39:19
	android:label
		ADDED from src/main/AndroidManifest.xml:37:9-41
	android:theme
		ADDED from src/main/AndroidManifest.xml:38:9-52
	android:name
		ADDED from src/main/AndroidManifest.xml:36:9-52
uses-sdk
INJECTED from src/main/AndroidManifest.xml reason: use-sdk injection requested
INJECTED from src/main/AndroidManifest.xml
INJECTED from src/main/AndroidManifest.xml
MERGED from [com.android.support:appcompat-v7:27.1.0] AndroidManifest.xml:20:5-44
MERGED from [com.android.support:appcompat-v7:27.1.0] AndroidManifest.xml:20:5-44
MERGED from [com.android.support:gridlayout-v7:27.1.0] AndroidManifest.xml:20:5-44
MERGED from [com.android.support:gridlayout-v7:27.1.0] AndroidManifest.xml:20:5-44
MERGED from [com.android.support:support-v4:27.1.0] AndroidManifest.xml:20:5-44
MERGED from [com.android.support:support-v4:27.1.0] AndroidManifest.xml:20:5-44
MERGED from [com.android.support:support-fragment:27.1.0] AndroidManifest.xml:20:5-44
MERGED from [com.android.support:support-fragment:27.1.0] AndroidManifest.xml:20:5-44
MERGED from [com.android.support:animated-vector-drawable:27.1.0] AndroidManifest.xml:20:5-44
MERGED from [com.android.support:animated-vector-drawable:27.1.0] AndroidManifest.xml:20:5-44
MERGED from [com.android.support:support-core-ui:27.1.0] AndroidManifest.xml:20:5-44
MERGED from [com.android.support:support-core-ui:27.1.0] AndroidManifest.xml:20:5-44
MERGED from [com.android.support:support-core-utils:27.1.0] AndroidManifest.xml:20:5-44
MERGED from [com.android.support:support-core-utils:27.1.0] AndroidManifest.xml:20:5-44
MERGED from [com.android.support:support-vector-drawable:27.1.0] AndroidManifest.xml:20:5-44
MERGED from [com.android.support:support-vector-drawable:27.1.0] AndroidManifest.xml:20:5-44
MERGED from [com.android.support:support-media-compat:27.1.0] AndroidManifest.xml:20:5-44
MERGED from [com.android.support:support-media-compat:27.1.0] AndroidManifest.xml:20:5-44
MERGED from [com.android.support:support-compat:27.1.0] AndroidManifest.xml:20:5-44
MERGED from [com.android.support:support-compat:27.1.0] AndroidManifest.xml:20:5-44
MERGED from [android.arch.lifecycle:livedata-core:1.1.0] AndroidManifest.xml:20:5-44
MERGED from [android.arch.lifecycle:livedata-core:1.1.0] AndroidManifest.xml:20:5-44
MERGED from [android.arch.lifecycle:viewmodel:1.1.0] AndroidManifest.xml:20:5-44
MERGED from [android.arch.lifecycle:viewmodel:1.1.0] AndroidManifest.xml:20:5-44
MERGED from [android.arch.lifecycle:runtime:1.1.0] AndroidManifest.xml:20:5-44
MERGED from [android.arch.lifecycle:runtime:1.1.0] AndroidManifest.xml:20:5-44
MERGED from [android.arch.core:runtime:1.1.0] AndroidManifest.xml:20:5-44
MERGED from [android.arch.core:runtime:1.1.0] AndroidManifest.xml:20:5-44
INJECTED from src/main/AndroidManifest.xml
INJECTED from src/main/AndroidManifest.xml
	android:targetSdkVersion
		INJECTED from src/main/AndroidManifest.xml
		ADDED from src/main/AndroidManifest.xml
		INJECTED from src/main/AndroidManifest.xml
	android:minSdkVersion
		INJECTED from src/main/AndroidManifest.xml
		ADDED from src/main/AndroidManifest.xml
		INJECTED from src/main/AndroidManifest.xml